<?xml version="1.0" encoding="UTF-8"?>
<testng-results ignored="0" total="1" passed="0" failed="1" skipped="0">
  <reporter-output>
  </reporter-output>
  <suite started-at="2020-05-15T18:46:46Z" name="Default suite" finished-at="2020-05-15T18:46:46Z" duration-ms="34">
    <groups>
    </groups>
    <test started-at="2020-05-15T18:46:46Z" name="Default test" finished-at="2020-05-15T18:46:46Z" duration-ms="34">
      <class name="com.revature.leaderboard_service.LeaderBoardUserRank">
        <test-method is-config="true" signature="setUp()[pri:0, instance:com.revature.leaderboard_service.LeaderBoardUserRank@17f9d882]" started-at="2020-05-15T18:46:46Z" name="setUp" finished-at="2020-05-15T18:46:46Z" duration-ms="11" status="PASS">
          <reporter-output>
          </reporter-output>
        </test-method> <!-- setUp -->
        <test-method signature="testLeaderBoardRank()[pri:0, instance:com.revature.leaderboard_service.LeaderBoardUserRank@17f9d882]" started-at="2020-05-15T18:46:46Z" name="testLeaderBoardRank" finished-at="2020-05-15T18:46:46Z" duration-ms="5" status="FAIL">
          <exception class="java.lang.AssertionError">
            <message>
              <![CDATA[Not yet implemented]]>
            </message>
            <full-stacktrace>
              <![CDATA[java.lang.AssertionError: Not yet implemented
at org.testng.Assert.fail(Assert.java:96)
at com.revature.leaderboard_service.LeaderBoardUserRank.testLeaderBoardRank(LeaderBoardUserRank.java:53)
at java.base/jdk.internal.reflect.NativeMethodAccessorImpl.invoke0(Native Method)
at java.base/jdk.internal.reflect.NativeMethodAccessorImpl.invoke(NativeMethodAccessorImpl.java:62)
at java.base/jdk.internal.reflect.DelegatingMethodAccessorImpl.invoke(DelegatingMethodAccessorImpl.java:43)
at java.base/java.lang.reflect.Method.invoke(Method.java:564)
at org.testng.internal.MethodInvocationHelper.invokeMethod(MethodInvocationHelper.java:124)
at org.testng.internal.Invoker.invokeMethod(Invoker.java:583)
at org.testng.internal.Invoker.invokeTestMethod(Invoker.java:719)
at org.testng.internal.Invoker.invokeTestMethods(Invoker.java:989)
at org.testng.internal.TestMethodWorker.invokeTestMethods(TestMethodWorker.java:125)
at org.testng.internal.TestMethodWorker.run(TestMethodWorker.java:109)
at org.testng.TestRunner.privateRun(TestRunner.java:648)
at org.testng.TestRunner.run(TestRunner.java:505)
at org.testng.SuiteRunner.runTest(SuiteRunner.java:455)
at org.testng.SuiteRunner.runSequentially(SuiteRunner.java:450)
at org.testng.SuiteRunner.privateRun(SuiteRunner.java:415)
at org.testng.SuiteRunner.run(SuiteRunner.java:364)
at org.testng.SuiteRunnerWorker.runSuite(SuiteRunnerWorker.java:52)
at org.testng.SuiteRunnerWorker.run(SuiteRunnerWorker.java:84)
at org.testng.TestNG.runSuitesSequentially(TestNG.java:1208)
at org.testng.TestNG.runSuitesLocally(TestNG.java:1137)
at org.testng.TestNG.runSuites(TestNG.java:1049)
at org.testng.TestNG.run(TestNG.java:1017)
at org.testng.remote.AbstractRemoteTestNG.run(AbstractRemoteTestNG.java:115)
at org.testng.remote.RemoteTestNG.initAndRun(RemoteTestNG.java:251)
at org.testng.remote.RemoteTestNG.main(RemoteTestNG.java:77)
]]>
            </full-stacktrace>
          </exception> <!-- java.lang.AssertionError -->
          <reporter-output>
          </reporter-output>
        </test-method> <!-- testLeaderBoardRank -->
      </class> <!-- com.revature.leaderboard_service.LeaderBoardUserRank -->
    </test> <!-- Default test -->
  </suite> <!-- Default suite -->
</testng-results>
